2021-01-30 15:23:02.930 - INFO - 20430 - azureml.train.automl._azureautomlclient.modify_run_configuration:199 - Package azureml-train-automl missing from dependencies file.
2021-01-30 15:23:02.930 - INFO - 20430 - azureml.train.automl._azureautomlclient.modify_run_configuration:205 - Using pinned version: azureml-train-automl==1.20.0.*
2021-01-30 15:23:02.931 - INFO - 20430 - azureml.train.automl._azureautomlclient.modify_run_configuration:199 - Package pandas missing from dependencies file.
2021-01-30 15:23:02.931 - INFO - 20430 - azureml.train.automl._azureautomlclient.modify_run_configuration:205 - Using pinned version: pandas==0.25.1
2021-01-30 15:23:02.931 - INFO - 20430 - azureml.train.automl._azureautomlclient.modify_run_configuration:199 - Package psutil missing from dependencies file.
2021-01-30 15:23:02.931 - INFO - 20430 - azureml.train.automl._azureautomlclient.modify_run_configuration:205 - Using pinned version: psutil>5.0.0,<6.0.0
2021-01-30 15:23:02.931 - INFO - 20430 - azureml.train.automl._azureautomlclient.modify_run_configuration:199 - Package scikit-learn missing from dependencies file.
2021-01-30 15:23:02.931 - INFO - 20430 - azureml.train.automl._azureautomlclient.modify_run_configuration:205 - Using pinned version: scikit-learn==0.22.1
2021-01-30 15:23:02.931 - INFO - 20430 - azureml.train.automl._azureautomlclient.modify_run_configuration:199 - Package numpy missing from dependencies file.
2021-01-30 15:23:02.931 - INFO - 20430 - azureml.train.automl._azureautomlclient.modify_run_configuration:205 - Using pinned version: numpy~=1.18.0
2021-01-30 15:23:02.931 - INFO - 20430 - azureml.train.automl._azureautomlclient.modify_run_configuration:199 - Package py-xgboost missing from dependencies file.
2021-01-30 15:23:02.931 - INFO - 20430 - azureml.train.automl._azureautomlclient.modify_run_configuration:205 - Using pinned version: py-xgboost<=0.90
2021-01-30 15:23:02.932 - INFO - 20430 - azureml.train.automl._azureautomlclient.modify_run_configuration:199 - Package inference-schema missing from dependencies file.
2021-01-30 15:23:02.932 - INFO - 20430 - azureml.train.automl._azureautomlclient.modify_run_configuration:199 - Package fbprophet missing from dependencies file.
2021-01-30 15:23:02.933 - INFO - 20430 - azureml.train.automl._azureautomlclient.modify_run_configuration:205 - Using pinned version: fbprophet==0.5
2021-01-30 15:23:02.933 - INFO - 20430 - azureml.train.automl._azureautomlclient.modify_run_configuration:199 - Package setuptools-git missing from dependencies file.
2021-01-30 15:23:02.933 - INFO - 20430 - azureml.train.automl._azureautomlclient.modify_run_configuration:209 - Using installed version: setuptools-git==1.2
2021-01-30 15:23:02.952 - INFO - 20430 - azureml.automl.core.dataset_utilities._save_datasets_to_json:148 - JSON serialization of input of type <class 'NoneType'> is un-supported.
2021-01-30 15:23:02.952 - INFO - 20430 - azureml.automl.core.dataset_utilities._save_datasets_to_json:148 - JSON serialization of input of type <class 'NoneType'> is un-supported.
2021-01-30 15:23:02.953 - INFO - 20430 - azureml.train.automl._azureautomlclient._validate_input:664 - Start data validation.
2021-01-30 15:23:02.974 - CRITICAL - 20430 - azureml.train.automl._azureautomlclient.log_traceback:224 - Type: Unclassified
Class: ValueError
Message: experiment_id should not be None.
Traceback:
  File "_azureautomlclient.py", line 673, in _validate_input
    validation_results = self._jasmine_client.post_validate_service(parent_run_dto)
  File "jasmine_client.py", line 60, in post_validate_service
    self._client.jasmine.validate_run_input, create_parent_run_dto)
  File "experiment_client.py", line 261, in _execute_with_experimentid_arguments
    raise ValueError("experiment_id should not be None.")

ExceptionTarget: Unspecified
2021-01-30 15:23:02.974 - WARNING - 20430 - azureml.train.automl._azureautomlclient._validate_input:681 - Validation service meet exceptions, continue training now.
2021-01-30 16:01:06.318 - INFO - 20430 - azureml.automl.runtime.distributed.utilities.horovod_initialized:58 - Horovod not found in current environment. Distribution via Horovod will be disabled.
2021-01-30 16:01:09.090 - INFO - 20430 - azureml.automl.runtime.featurization.data_transformer.__init__:184 - Feature sweeping enabled: False
2021-01-30 16:01:09.091 - INFO - 20430 - azureml.automl.runtime.featurization.data_transformer.__init__:185 - Feature sweeping timeout: 86400
2021-01-30 16:01:31.255 - INFO - 20430 - azureml.automl.runtime.featurization.data_transformer._apply_transforms:501 - Starting to apply transforms. Total ram: 7308169216 bytes
2021-01-30 16:01:31.256 - INFO - 20430 - azureml.automl.runtime.featurization.data_transformer._apply_transforms:512 - Transform memory estimate: 0 bytes, Current available memory: 2009034752 bytes
2021-01-30 16:01:31.256 - INFO - 20430 - azureml.automl.runtime.featurization.data_transformer._apply_transforms:522 - SimpleImputer: Applying transform.
2021-01-30 16:01:31.259 - INFO - 20430 - azureml.automl.runtime.featurization.data_transformer._apply_transforms:536 - SimpleImputer: Finished applying transform. Shape (32950, 1)
2021-01-30 16:01:31.259 - INFO - 20430 - azureml.automl.runtime.featurization.data_transformer._apply_transforms:512 - Transform memory estimate: 0 bytes, Current available memory: 2009034752 bytes
2021-01-30 16:01:31.259 - INFO - 20430 - azureml.automl.runtime.featurization.data_transformer._apply_transforms:522 - SimpleImputer: Applying transform.
2021-01-30 16:01:31.261 - INFO - 20430 - azureml.automl.runtime.featurization.data_transformer._apply_transforms:536 - SimpleImputer: Finished applying transform. Shape (32950, 1)
2021-01-30 16:01:31.261 - INFO - 20430 - azureml.automl.runtime.featurization.data_transformer._apply_transforms:512 - Transform memory estimate: 0 bytes, Current available memory: 2009034752 bytes
2021-01-30 16:01:31.261 - INFO - 20430 - azureml.automl.runtime.featurization.data_transformer._apply_transforms:522 - SimpleImputer: Applying transform.
2021-01-30 16:01:31.263 - INFO - 20430 - azureml.automl.runtime.featurization.data_transformer._apply_transforms:536 - SimpleImputer: Finished applying transform. Shape (32950, 1)
2021-01-30 16:01:31.263 - INFO - 20430 - azureml.automl.runtime.featurization.data_transformer._apply_transforms:512 - Transform memory estimate: 0 bytes, Current available memory: 2008780800 bytes
2021-01-30 16:01:31.263 - INFO - 20430 - azureml.automl.runtime.featurization.data_transformer._apply_transforms:522 - SimpleImputer: Applying transform.
2021-01-30 16:01:31.268 - INFO - 20430 - azureml.automl.runtime.featurization.data_transformer._apply_transforms:536 - SimpleImputer: Finished applying transform. Shape (32950, 1)
2021-01-30 16:01:31.276 - INFO - 20430 - azureml.automl.runtime.featurization.data_transformer._apply_transforms:512 - Transform memory estimate: 0 bytes, Current available memory: 2008526848 bytes
2021-01-30 16:01:31.276 - INFO - 20430 - azureml.automl.runtime.featurization.data_transformer._apply_transforms:522 - SimpleImputer: Applying transform.
2021-01-30 16:01:31.277 - INFO - 20430 - azureml.automl.runtime.featurization.data_transformer._apply_transforms:536 - SimpleImputer: Finished applying transform. Shape (32950, 1)
2021-01-30 16:01:31.277 - INFO - 20430 - azureml.automl.runtime.featurization.data_transformer._apply_transforms:512 - Transform memory estimate: 0 bytes, Current available memory: 2008240128 bytes
2021-01-30 16:01:31.277 - INFO - 20430 - azureml.automl.runtime.featurization.data_transformer._apply_transforms:522 - SimpleImputer: Applying transform.
2021-01-30 16:01:31.279 - INFO - 20430 - azureml.automl.runtime.featurization.data_transformer._apply_transforms:536 - SimpleImputer: Finished applying transform. Shape (32950, 1)
2021-01-30 16:01:31.279 - INFO - 20430 - azureml.automl.runtime.featurization.data_transformer._apply_transforms:512 - Transform memory estimate: 0 bytes, Current available memory: 2007986176 bytes
2021-01-30 16:01:31.279 - INFO - 20430 - azureml.automl.runtime.featurization.data_transformer._apply_transforms:522 - SimpleImputer: Applying transform.
2021-01-30 16:01:31.282 - INFO - 20430 - azureml.automl.runtime.featurization.data_transformer._apply_transforms:536 - SimpleImputer: Finished applying transform. Shape (32950, 1)
2021-01-30 16:01:31.282 - INFO - 20430 - azureml.automl.runtime.featurization.data_transformer._apply_transforms:512 - Transform memory estimate: 0 bytes, Current available memory: 2007732224 bytes
2021-01-30 16:01:31.282 - INFO - 20430 - azureml.automl.runtime.featurization.data_transformer._apply_transforms:522 - StringCastTransformer,CountVectorizer: Applying transform.
2021-01-30 16:01:31.414 - INFO - 20430 - azureml.automl.runtime.featurization.data_transformer._apply_transforms:536 - StringCastTransformer,CountVectorizer: Finished applying transform. Shape (32950, 12)
2021-01-30 16:01:31.414 - INFO - 20430 - azureml.automl.runtime.featurization.data_transformer._apply_transforms:512 - Transform memory estimate: 0 bytes, Current available memory: 2017542144 bytes
2021-01-30 16:01:31.415 - INFO - 20430 - azureml.automl.runtime.featurization.data_transformer._apply_transforms:522 - StringCastTransformer,CountVectorizer: Applying transform.
2021-01-30 16:01:31.509 - INFO - 20430 - azureml.automl.runtime.featurization.data_transformer._apply_transforms:536 - StringCastTransformer,CountVectorizer: Finished applying transform. Shape (32950, 4)
2021-01-30 16:01:31.510 - INFO - 20430 - azureml.automl.runtime.featurization.data_transformer._apply_transforms:512 - Transform memory estimate: 0 bytes, Current available memory: 2006626304 bytes
2021-01-30 16:01:31.510 - INFO - 20430 - azureml.automl.runtime.featurization.data_transformer._apply_transforms:522 - StringCastTransformer,CountVectorizer: Applying transform.
2021-01-30 16:01:31.601 - INFO - 20430 - azureml.automl.runtime.featurization.data_transformer._apply_transforms:536 - StringCastTransformer,CountVectorizer: Finished applying transform. Shape (32950, 8)
2021-01-30 16:01:31.602 - INFO - 20430 - azureml.automl.runtime.featurization.data_transformer._apply_transforms:512 - Transform memory estimate: 0 bytes, Current available memory: 2005954560 bytes
2021-01-30 16:01:31.602 - INFO - 20430 - azureml.automl.runtime.featurization.data_transformer._apply_transforms:522 - StringCastTransformer,CountVectorizer: Applying transform.
2021-01-30 16:01:31.691 - INFO - 20430 - azureml.automl.runtime.featurization.data_transformer._apply_transforms:536 - StringCastTransformer,CountVectorizer: Finished applying transform. Shape (32950, 3)
2021-01-30 16:01:31.692 - INFO - 20430 - azureml.automl.runtime.featurization.data_transformer._apply_transforms:512 - Transform memory estimate: 0 bytes, Current available memory: 2005716992 bytes
2021-01-30 16:01:31.692 - INFO - 20430 - azureml.automl.runtime.featurization.data_transformer._apply_transforms:522 - StringCastTransformer,CountVectorizer: Applying transform.
2021-01-30 16:01:31.788 - INFO - 20430 - azureml.automl.runtime.featurization.data_transformer._apply_transforms:536 - StringCastTransformer,CountVectorizer: Finished applying transform. Shape (32950, 3)
2021-01-30 16:01:31.788 - INFO - 20430 - azureml.automl.runtime.featurization.data_transformer._apply_transforms:512 - Transform memory estimate: 0 bytes, Current available memory: 2005336064 bytes
2021-01-30 16:01:31.789 - INFO - 20430 - azureml.automl.runtime.featurization.data_transformer._apply_transforms:522 - StringCastTransformer,CountVectorizer: Applying transform.
2021-01-30 16:01:31.864 - INFO - 20430 - azureml.automl.runtime.featurization.data_transformer._apply_transforms:536 - StringCastTransformer,CountVectorizer: Finished applying transform. Shape (32950, 3)
2021-01-30 16:01:31.872 - INFO - 20430 - azureml.automl.runtime.featurization.data_transformer._apply_transforms:512 - Transform memory estimate: 0 bytes, Current available memory: 2005319680 bytes
2021-01-30 16:01:31.873 - INFO - 20430 - azureml.automl.runtime.featurization.data_transformer._apply_transforms:522 - CatImputer,StringCastTransformer,LabelEncoderTransformer: Applying transform.
2021-01-30 16:01:31.894 - INFO - 20430 - azureml.automl.runtime.featurization.data_transformer._apply_transforms:536 - CatImputer,StringCastTransformer,LabelEncoderTransformer: Finished applying transform. Shape (32950, 1)
2021-01-30 16:01:31.895 - INFO - 20430 - azureml.automl.runtime.featurization.data_transformer._apply_transforms:512 - Transform memory estimate: 0 bytes, Current available memory: 2001915904 bytes
2021-01-30 16:01:31.895 - INFO - 20430 - azureml.automl.runtime.featurization.data_transformer._apply_transforms:522 - StringCastTransformer,CountVectorizer: Applying transform.
2021-01-30 16:01:31.974 - INFO - 20430 - azureml.automl.runtime.featurization.data_transformer._apply_transforms:536 - StringCastTransformer,CountVectorizer: Finished applying transform. Shape (32950, 10)
2021-01-30 16:01:31.975 - INFO - 20430 - azureml.automl.runtime.featurization.data_transformer._apply_transforms:512 - Transform memory estimate: 0 bytes, Current available memory: 2003296256 bytes
2021-01-30 16:01:31.975 - INFO - 20430 - azureml.automl.runtime.featurization.data_transformer._apply_transforms:522 - StringCastTransformer,CountVectorizer: Applying transform.
2021-01-30 16:01:32.055 - INFO - 20430 - azureml.automl.runtime.featurization.data_transformer._apply_transforms:536 - StringCastTransformer,CountVectorizer: Finished applying transform. Shape (32950, 5)
2021-01-30 16:01:32.056 - INFO - 20430 - azureml.automl.runtime.featurization.data_transformer._apply_transforms:512 - Transform memory estimate: 0 bytes, Current available memory: 2014728192 bytes
2021-01-30 16:01:32.056 - INFO - 20430 - azureml.automl.runtime.featurization.data_transformer._apply_transforms:522 - StringCastTransformer,CountVectorizer: Applying transform.
2021-01-30 16:01:32.154 - INFO - 20430 - azureml.automl.runtime.featurization.data_transformer._apply_transforms:536 - StringCastTransformer,CountVectorizer: Finished applying transform. Shape (32950, 39)
2021-01-30 16:01:32.155 - INFO - 20430 - azureml.automl.runtime.featurization.data_transformer._apply_transforms:512 - Transform memory estimate: 0 bytes, Current available memory: 2003054592 bytes
2021-01-30 16:01:32.155 - INFO - 20430 - azureml.automl.runtime.featurization.data_transformer._apply_transforms:522 - StringCastTransformer,CountVectorizer: Applying transform.
2021-01-30 16:01:32.252 - INFO - 20430 - azureml.automl.runtime.featurization.data_transformer._apply_transforms:536 - StringCastTransformer,CountVectorizer: Finished applying transform. Shape (32950, 26)
2021-01-30 16:01:32.252 - INFO - 20430 - azureml.automl.runtime.featurization.data_transformer._apply_transforms:512 - Transform memory estimate: 0 bytes, Current available memory: 2002944000 bytes
2021-01-30 16:01:32.253 - INFO - 20430 - azureml.automl.runtime.featurization.data_transformer._apply_transforms:522 - StringCastTransformer,CountVectorizer: Applying transform.
2021-01-30 16:01:32.344 - INFO - 20430 - azureml.automl.runtime.featurization.data_transformer._apply_transforms:536 - StringCastTransformer,CountVectorizer: Finished applying transform. Shape (32950, 8)
2021-01-30 16:01:32.345 - INFO - 20430 - azureml.automl.runtime.featurization.data_transformer._apply_transforms:512 - Transform memory estimate: 0 bytes, Current available memory: 2002944000 bytes
2021-01-30 16:01:32.345 - INFO - 20430 - azureml.automl.runtime.featurization.data_transformer._apply_transforms:522 - StringCastTransformer,CountVectorizer: Applying transform.
2021-01-30 16:01:32.425 - INFO - 20430 - azureml.automl.runtime.featurization.data_transformer._apply_transforms:536 - StringCastTransformer,CountVectorizer: Finished applying transform. Shape (32950, 3)
2021-01-30 16:01:32.426 - INFO - 20430 - azureml.automl.runtime.featurization.data_transformer._apply_transforms:545 - Finished applying transforms
2021-01-30 16:01:32.426 - INFO - 20430 - azureml.automl.runtime.shared.memory_utilities._is_low_memory:208 - Total ram: 7308169216 bytes, Current Available memory: 2003329024 bytes. Low memory threshold: 0.5
